<?xml version="1.0" encoding="UTF-8"?>
<TestRun id="71acff41-d119-4b45-be27-0e77c807fcc2" name="Aaron.Masters@KEE-L0883 2020-10-13 11:31:16" runUser="ALLOCATESOFTWAR\Aaron.Masters" xmlns="http://microsoft.com/schemas/VisualStudio/TeamTest/2010">
  <TestSettings name="Local" id="d25ea923-8997-4917-a9d7-bde8e30117ca">
    <Description>These are default test settings for a local test run.</Description>
    <Deployment runDeploymentRoot="Aaron.Masters_KEE-L0883 2020-10-13 11_31_16">
      <DeploymentItem filename="C:\Program Files (x86)\Microsoft Visual Studio 12.0\Common7\IDE\PublicAssemblies\WebTest.WebService.Plugin.Runtime.dll" />
    </Deployment>
    <Execution hostProcessPlatform="MSIL">
      <TestTypeSpecific />
      <AgentRule name="Execution Agents">
      </AgentRule>
    </Execution>
    <Properties>
      <Property name="TestSettingsUIType" value="LoadTest" />
    </Properties>
  </TestSettings>
  <Times creation="2020-10-13T11:31:16.1549407+01:00" queuing="2020-10-13T11:31:18.1180530+01:00" start="2020-10-13T11:31:18.2810623+01:00" finish="2020-10-13T11:31:45.8586396+01:00" />
  <ResultSummary outcome="Error">
    <Counters total="1" executed="1" error="1" failed="0" timeout="0" aborted="0" inconclusive="0" passedButRunAborted="0" notRunnable="0" notExecuted="0" disconnected="0" warning="0" passed="0" completed="0" inProgress="0" pending="0" />
  </ResultSummary>
  <TestDefinitions>
    <WebTest name="MyStore" storage="c:\users\aaron.masters\aarons-workspaces\vswebtest-workspace\mystore-webtests\webandloadtestproject1\mystore.webtest" id="e19e33f4-96e7-4a72-bf69-2a142bd64b4d" persistedWebTest="77u/PD94bWwgdmVyc2lvbj0iMS4wIiBlbmNvZGluZz0iVVRGLTgiIHN0YW5kYWxvbmU9InllcyI/Pg0KPFdlYlRlc3QgTmFtZT0iTXlTdG9yZSIgSWQ9ImUxOWUzM2Y0LTk2ZTctNGE3Mi1iZjY5LTJhMTQyYmQ2NGI0ZCIgT3duZXI9IiIgUHJpb3JpdHk9IjIxNDc0ODM2NDciIEVuYWJsZWQ9IlRydWUiIENzc1Byb2plY3RTdHJ1Y3R1cmU9IiIgQ3NzSXRlcmF0aW9uPSIiIFRpbWVvdXQ9IjAiIFdvcmtJdGVtSWRzPSIiIHhtbG5zPSJodHRwOi8vbWljcm9zb2Z0LmNvbS9zY2hlbWFzL1Zpc3VhbFN0dWRpby9UZWFtVGVzdC8yMDEwIiBEZXNjcmlwdGlvbj0iIiBDcmVkZW50aWFsVXNlck5hbWU9IiIgQ3JlZGVudGlhbFBhc3N3b3JkPSIiIFByZUF1dGhlbnRpY2F0ZT0iVHJ1ZSIgUHJveHk9ImRlZmF1bHQiIFN0b3BPbkVycm9yPSJGYWxzZSIgUmVjb3JkZWRSZXN1bHRGaWxlPSJNeVN0b3JlLjgzOGJkZTg5LTBmZjQtNGZhMi05Njc0LWYzMTAwNDA2YjgwNi5yZWMud2VidGVzdHJlc3VsdCIgUmVzdWx0c0xvY2FsZT0iIj4NCiAgPEl0ZW1zPg0KICAgIDxDb21tZW50IENvbW1lbnRUZXh0PSJBY2Nlc3MgU2l0ZSIgLz4NCiAgICA8UmVxdWVzdCBNZXRob2Q9IkdFVCIgR3VpZD0iYTRhODZkYmItOGFlYi00ZGM2LTk5ZDctZmRhYzMxMThmNzYxIiBWZXJzaW9uPSIxLjEiIFVybD0iaHR0cDovL2F1dG9tYXRpb25wcmFjdGljZS5jb20vaW5kZXgucGhwIiBUaGlua1RpbWU9IjAiIFRpbWVvdXQ9IjMwMCIgUGFyc2VEZXBlbmRlbnRSZXF1ZXN0cz0iVHJ1ZSIgRm9sbG93UmVkaXJlY3RzPSJUcnVlIiBSZWNvcmRSZXN1bHQ9IlRydWUiIENhY2hlPSJGYWxzZSIgUmVzcG9uc2VUaW1lR29hbD0iMCIgRW5jb2Rpbmc9InV0Zi04IiBFeHBlY3RlZEh0dHBTdGF0dXNDb2RlPSIwIiBFeHBlY3RlZFJlc3BvbnNlVXJsPSIiIFJlcG9ydGluZ05hbWU9IiIgSWdub3JlSHR0cFN0YXR1c0NvZGU9IkZhbHNlIj4NCiAgICAgIDxDb3JyZWxhdGlvbkV4dHJhY3Rpb25SdWxlcz4NCiAgICAgICAgPEV4dHJhY3Rpb25SdWxlIENsYXNzbmFtZT0iTWljcm9zb2Z0LlZpc3VhbFN0dWRpby5UZXN0VG9vbHMuV2ViVGVzdGluZy5SdWxlcy5FeHRyYWN0VGV4dCwgTWljcm9zb2Z0LlZpc3VhbFN0dWRpby5RdWFsaXR5VG9vbHMuV2ViVGVzdEZyYW1ld29yaywgVmVyc2lvbj0xMC4wLjAuMCwgQ3VsdHVyZT1uZXV0cmFsLCBQdWJsaWNLZXlUb2tlbj1iMDNmNWY3ZjExZDUwYTNhIiBWYXJpYWJsZU5hbWU9IlF1ZXJ5U3RyaW5nUGFyYW01Mi5jb250cm9sbGVyIiBEaXNwbGF5TmFtZT0iIiBEZXNjcmlwdGlvbj0iIj4NCiAgICAgICAgICA8UnVsZVBhcmFtZXRlcnM+DQogICAgICAgICAgICA8UnVsZVBhcmFtZXRlciBOYW1lPSJTdGFydHNXaXRoIiBWYWx1ZT0iP2NvbnRyb2xsZXI9IiAvPg0KICAgICAgICAgICAgPFJ1bGVQYXJhbWV0ZXIgTmFtZT0iRW5kc1dpdGgiIFZhbHVlPSImcXVvdDsiIC8+DQogICAgICAgICAgICA8UnVsZVBhcmFtZXRlciBOYW1lPSJJbmRleCIgVmFsdWU9IjEiIC8+DQogICAgICAgICAgICA8UnVsZVBhcmFtZXRlciBOYW1lPSJJZ25vcmVDYXNlIiBWYWx1ZT0iRmFsc2UiIC8+DQogICAgICAgICAgICA8UnVsZVBhcmFtZXRlciBOYW1lPSJVc2VSZWd1bGFyRXhwcmVzc2lvbiIgVmFsdWU9IkZhbHNlIiAvPg0KICAgICAgICAgICAgPFJ1bGVQYXJhbWV0ZXIgTmFtZT0iSHRtbERlY29kZSIgVmFsdWU9IlRydWUiIC8+DQogICAgICAgICAgICA8UnVsZVBhcmFtZXRlciBOYW1lPSJSZXF1aXJlZCIgVmFsdWU9IkZhbHNlIiAvPg0KICAgICAgICAgIDwvUnVsZVBhcmFtZXRlcnM+DQogICAgICAgIDwvRXh0cmFjdGlvblJ1bGU+DQogICAgICA8L0NvcnJlbGF0aW9uRXh0cmFjdGlvblJ1bGVzPg0KICAgIDwvUmVxdWVzdD4NCiAgICA8Q29tbWVudCBDb21tZW50VGV4dD0iTmF2aWdhdGUgdG8gU2lnbiBJbiIgLz4NCiAgICA8UmVxdWVzdCBNZXRob2Q9IkdFVCIgR3VpZD0iZDJlMzgwNWItN2FhZC00OTc5LWFlNTAtMWM2MzY2N2NjMWEwIiBWZXJzaW9uPSIxLjEiIFVybD0iaHR0cDovL2F1dG9tYXRpb25wcmFjdGljZS5jb20vaW5kZXgucGhwIiBUaGlua1RpbWU9IjAiIFRpbWVvdXQ9IjMwMCIgUGFyc2VEZXBlbmRlbnRSZXF1ZXN0cz0iVHJ1ZSIgRm9sbG93UmVkaXJlY3RzPSJUcnVlIiBSZWNvcmRSZXN1bHQ9IlRydWUiIENhY2hlPSJGYWxzZSIgUmVzcG9uc2VUaW1lR29hbD0iMCIgRW5jb2Rpbmc9InV0Zi04IiBFeHBlY3RlZEh0dHBTdGF0dXNDb2RlPSIwIiBFeHBlY3RlZFJlc3BvbnNlVXJsPSJodHRwOi8vYXV0b21hdGlvbnByYWN0aWNlLmNvbS9pbmRleC5waHA/Y29udHJvbGxlcj1hdXRoZW50aWNhdGlvbiZhbXA7YmFjaz1teS1hY2NvdW50IiBSZXBvcnRpbmdOYW1lPSIiIElnbm9yZUh0dHBTdGF0dXNDb2RlPSJGYWxzZSI+DQogICAgICA8Q29ycmVsYXRpb25FeHRyYWN0aW9uUnVsZXM+DQogICAgICAgIDxFeHRyYWN0aW9uUnVsZSBDbGFzc25hbWU9Ik1pY3Jvc29mdC5WaXN1YWxTdHVkaW8uVGVzdFRvb2xzLldlYlRlc3RpbmcuUnVsZXMuRXh0cmFjdFRleHQsIE1pY3Jvc29mdC5WaXN1YWxTdHVkaW8uUXVhbGl0eVRvb2xzLldlYlRlc3RGcmFtZXdvcmssIFZlcnNpb249MTAuMC4wLjAsIEN1bHR1cmU9bmV1dHJhbCwgUHVibGljS2V5VG9rZW49YjAzZjVmN2YxMWQ1MGEzYSIgVmFyaWFibGVOYW1lPSJRdWVyeVN0cmluZ1BhcmFtNTMuY29udHJvbGxlciIgRGlzcGxheU5hbWU9IiIgRGVzY3JpcHRpb249IiI+DQogICAgICAgICAgPFJ1bGVQYXJhbWV0ZXJzPg0KICAgICAgICAgICAgPFJ1bGVQYXJhbWV0ZXIgTmFtZT0iU3RhcnRzV2l0aCIgVmFsdWU9Ij9jb250cm9sbGVyPSIgLz4NCiAgICAgICAgICAgIDxSdWxlUGFyYW1ldGVyIE5hbWU9IkVuZHNXaXRoIiBWYWx1ZT0iJnF1b3Q7IiAvPg0KICAgICAgICAgICAgPFJ1bGVQYXJhbWV0ZXIgTmFtZT0iSW5kZXgiIFZhbHVlPSI3IiAvPg0KICAgICAgICAgICAgPFJ1bGVQYXJhbWV0ZXIgTmFtZT0iSWdub3JlQ2FzZSIgVmFsdWU9IkZhbHNlIiAvPg0KICAgICAgICAgICAgPFJ1bGVQYXJhbWV0ZXIgTmFtZT0iVXNlUmVndWxhckV4cHJlc3Npb24iIFZhbHVlPSJGYWxzZSIgLz4NCiAgICAgICAgICAgIDxSdWxlUGFyYW1ldGVyIE5hbWU9Ikh0bWxEZWNvZGUiIFZhbHVlPSJUcnVlIiAvPg0KICAgICAgICAgICAgPFJ1bGVQYXJhbWV0ZXIgTmFtZT0iUmVxdWlyZWQiIFZhbHVlPSJGYWxzZSIgLz4NCiAgICAgICAgICA8L1J1bGVQYXJhbWV0ZXJzPg0KICAgICAgICA8L0V4dHJhY3Rpb25SdWxlPg0KICAgICAgPC9Db3JyZWxhdGlvbkV4dHJhY3Rpb25SdWxlcz4NCiAgICAgIDxRdWVyeVN0cmluZ1BhcmFtZXRlcnM+DQogICAgICAgIDxRdWVyeVN0cmluZ1BhcmFtZXRlciBOYW1lPSJjb250cm9sbGVyIiBWYWx1ZT0ibXktYWNjb3VudCIgUmVjb3JkZWRWYWx1ZT0ibXktYWNjb3VudCIgQ29ycmVsYXRpb25CaW5kaW5nPSJ7e1F1ZXJ5U3RyaW5nUGFyYW01Mi5jb250cm9sbGVyfX0iIFVybEVuY29kZT0iRmFsc2UiIFVzZVRvR3JvdXBSZXN1bHRzPSJGYWxzZSIgLz4NCiAgICAgIDwvUXVlcnlTdHJpbmdQYXJhbWV0ZXJzPg0KICAgIDwvUmVxdWVzdD4NCiAgICA8Q29tbWVudCBDb21tZW50VGV4dD0iU2lnbiBJbiIgLz4NCiAgICA8UmVxdWVzdCBNZXRob2Q9IlBPU1QiIEd1aWQ9IjUyMDk2YWJhLTQ1Y2EtNDhmNi1iOTU4LTRhMzY3M2Q5NWFjZiIgVmVyc2lvbj0iMS4xIiBVcmw9Imh0dHA6Ly9hdXRvbWF0aW9ucHJhY3RpY2UuY29tL2luZGV4LnBocCIgVGhpbmtUaW1lPSIwIiBUaW1lb3V0PSIzMDAiIFBhcnNlRGVwZW5kZW50UmVxdWVzdHM9IlRydWUiIEZvbGxvd1JlZGlyZWN0cz0iVHJ1ZSIgUmVjb3JkUmVzdWx0PSJUcnVlIiBDYWNoZT0iRmFsc2UiIFJlc3BvbnNlVGltZUdvYWw9IjAiIEVuY29kaW5nPSJ1dGYtOCIgRXhwZWN0ZWRIdHRwU3RhdHVzQ29kZT0iMCIgRXhwZWN0ZWRSZXNwb25zZVVybD0iaHR0cDovL2F1dG9tYXRpb25wcmFjdGljZS5jb20vaW5kZXgucGhwP2NvbnRyb2xsZXI9bXktYWNjb3VudCIgUmVwb3J0aW5nTmFtZT0iIiBJZ25vcmVIdHRwU3RhdHVzQ29kZT0iRmFsc2UiPg0KICAgICAgPFF1ZXJ5U3RyaW5nUGFyYW1ldGVycz4NCiAgICAgICAgPFF1ZXJ5U3RyaW5nUGFyYW1ldGVyIE5hbWU9ImNvbnRyb2xsZXIiIFZhbHVlPSJhdXRoZW50aWNhdGlvbiIgUmVjb3JkZWRWYWx1ZT0iYXV0aGVudGljYXRpb24iIENvcnJlbGF0aW9uQmluZGluZz0ie3tRdWVyeVN0cmluZ1BhcmFtNTMuY29udHJvbGxlcn19IiBVcmxFbmNvZGU9IkZhbHNlIiBVc2VUb0dyb3VwUmVzdWx0cz0iRmFsc2UiIC8+DQogICAgICA8L1F1ZXJ5U3RyaW5nUGFyYW1ldGVycz4NCiAgICAgIDxGb3JtUG9zdEh0dHBCb2R5Pg0KICAgICAgICA8Rm9ybVBvc3RQYXJhbWV0ZXIgTmFtZT0iZW1haWwiIFZhbHVlPSJhYXJvbl9tYXN0ZXJzXzEyOEB5YWhvby5jb20iIFJlY29yZGVkVmFsdWU9ImFhcm9uX21hc3RlcnNfMTI4QHlhaG9vLmNvbSIgQ29ycmVsYXRpb25CaW5kaW5nPSIiIFVybEVuY29kZT0iVHJ1ZSIgLz4NCiAgICAgICAgPEZvcm1Qb3N0UGFyYW1ldGVyIE5hbWU9InBhc3N3ZCIgVmFsdWU9IkF1dG9tYXRpb24xMjMiIFJlY29yZGVkVmFsdWU9IkF1dG9tYXRpb24xMjMiIENvcnJlbGF0aW9uQmluZGluZz0iIiBVcmxFbmNvZGU9IlRydWUiIC8+DQogICAgICAgIDxGb3JtUG9zdFBhcmFtZXRlciBOYW1lPSJiYWNrIiBWYWx1ZT0ibXktYWNjb3VudCIgUmVjb3JkZWRWYWx1ZT0ibXktYWNjb3VudCIgQ29ycmVsYXRpb25CaW5kaW5nPSIiIFVybEVuY29kZT0iVHJ1ZSIgLz4NCiAgICAgICAgPEZvcm1Qb3N0UGFyYW1ldGVyIE5hbWU9IlN1Ym1pdExvZ2luIiBWYWx1ZT0iIiBSZWNvcmRlZFZhbHVlPSIiIENvcnJlbGF0aW9uQmluZGluZz0iIiBVcmxFbmNvZGU9IlRydWUiIC8+DQogICAgICA8L0Zvcm1Qb3N0SHR0cEJvZHk+DQogICAgPC9SZXF1ZXN0Pg0KICAgIDxDb21tZW50IENvbW1lbnRUZXh0PSJTZWFyY2ggZm9yIEJsb3VzZSIgLz4NCiAgICA8UmVxdWVzdCBNZXRob2Q9IkdFVCIgR3VpZD0iYzEwOWMzYTUtMmJjZi00YmM1LWE1YTMtMTM2M2NjNjg1MGVhIiBWZXJzaW9uPSIxLjEiIFVybD0iaHR0cDovL2F1dG9tYXRpb25wcmFjdGljZS5jb20vaW5kZXgucGhwIiBUaGlua1RpbWU9IjEiIFRpbWVvdXQ9IjMwMCIgUGFyc2VEZXBlbmRlbnRSZXF1ZXN0cz0iVHJ1ZSIgRm9sbG93UmVkaXJlY3RzPSJUcnVlIiBSZWNvcmRSZXN1bHQ9IlRydWUiIENhY2hlPSJGYWxzZSIgUmVzcG9uc2VUaW1lR29hbD0iMCIgRW5jb2Rpbmc9InV0Zi04IiBFeHBlY3RlZEh0dHBTdGF0dXNDb2RlPSIwIiBFeHBlY3RlZFJlc3BvbnNlVXJsPSIiIFJlcG9ydGluZ05hbWU9IiIgSWdub3JlSHR0cFN0YXR1c0NvZGU9IkZhbHNlIj4NCiAgICAgIDxRdWVyeVN0cmluZ1BhcmFtZXRlcnM+DQogICAgICAgIDxRdWVyeVN0cmluZ1BhcmFtZXRlciBOYW1lPSJjb250cm9sbGVyIiBWYWx1ZT0ic2VhcmNoIiBSZWNvcmRlZFZhbHVlPSJzZWFyY2giIENvcnJlbGF0aW9uQmluZGluZz0iIiBVcmxFbmNvZGU9IkZhbHNlIiBVc2VUb0dyb3VwUmVzdWx0cz0iRmFsc2UiIC8+DQogICAgICAgIDxRdWVyeVN0cmluZ1BhcmFtZXRlciBOYW1lPSJxIiBWYWx1ZT0ie3tNeVN0b3JlLk15U3RvcmUjY3N2LlNlYXJjaCBJdGVtfX0iIFJlY29yZGVkVmFsdWU9ImJsb3VzZSIgQ29ycmVsYXRpb25CaW5kaW5nPSIiIFVybEVuY29kZT0iRmFsc2UiIFVzZVRvR3JvdXBSZXN1bHRzPSJGYWxzZSIgLz4NCiAgICAgICAgPFF1ZXJ5U3RyaW5nUGFyYW1ldGVyIE5hbWU9ImxpbWl0IiBWYWx1ZT0iMTAiIFJlY29yZGVkVmFsdWU9IjEwIiBDb3JyZWxhdGlvbkJpbmRpbmc9IiIgVXJsRW5jb2RlPSJGYWxzZSIgVXNlVG9Hcm91cFJlc3VsdHM9IkZhbHNlIiAvPg0KICAgICAgICA8UXVlcnlTdHJpbmdQYXJhbWV0ZXIgTmFtZT0idGltZXN0YW1wIiBWYWx1ZT0iMTYwMjU4MDIzMjc0OCIgUmVjb3JkZWRWYWx1ZT0iMTYwMjU4MDIzMjc0OCIgQ29ycmVsYXRpb25CaW5kaW5nPSIiIFVybEVuY29kZT0iRmFsc2UiIFVzZVRvR3JvdXBSZXN1bHRzPSJGYWxzZSIgLz4NCiAgICAgICAgPFF1ZXJ5U3RyaW5nUGFyYW1ldGVyIE5hbWU9ImFqYXhTZWFyY2giIFZhbHVlPSIxIiBSZWNvcmRlZFZhbHVlPSIxIiBDb3JyZWxhdGlvbkJpbmRpbmc9IiIgVXJsRW5jb2RlPSJGYWxzZSIgVXNlVG9Hcm91cFJlc3VsdHM9IkZhbHNlIiAvPg0KICAgICAgICA8UXVlcnlTdHJpbmdQYXJhbWV0ZXIgTmFtZT0iaWRfbGFuZyIgVmFsdWU9IjEiIFJlY29yZGVkVmFsdWU9IjEiIENvcnJlbGF0aW9uQmluZGluZz0iIiBVcmxFbmNvZGU9IkZhbHNlIiBVc2VUb0dyb3VwUmVzdWx0cz0iRmFsc2UiIC8+DQogICAgICA8L1F1ZXJ5U3RyaW5nUGFyYW1ldGVycz4NCiAgICA8L1JlcXVlc3Q+DQogICAgPFJlcXVlc3QgTWV0aG9kPSJHRVQiIEd1aWQ9ImQxYzFkODU3LTE4NTctNGM0Yi05NTk3LWMxYTA1MGEwYzRmZiIgVmVyc2lvbj0iMS4xIiBVcmw9Imh0dHA6Ly9hdXRvbWF0aW9ucHJhY3RpY2UuY29tL2luZGV4LnBocCIgVGhpbmtUaW1lPSIwIiBUaW1lb3V0PSIzMDAiIFBhcnNlRGVwZW5kZW50UmVxdWVzdHM9IlRydWUiIEZvbGxvd1JlZGlyZWN0cz0iVHJ1ZSIgUmVjb3JkUmVzdWx0PSJUcnVlIiBDYWNoZT0iRmFsc2UiIFJlc3BvbnNlVGltZUdvYWw9IjAiIEVuY29kaW5nPSJ1dGYtOCIgRXhwZWN0ZWRIdHRwU3RhdHVzQ29kZT0iMCIgRXhwZWN0ZWRSZXNwb25zZVVybD0iIiBSZXBvcnRpbmdOYW1lPSIiIElnbm9yZUh0dHBTdGF0dXNDb2RlPSJGYWxzZSI+DQogICAgICA8VmFsaWRhdGlvblJ1bGVzPg0KICAgICAgICA8VmFsaWRhdGlvblJ1bGUgQ2xhc3NuYW1lPSJNaWNyb3NvZnQuVmlzdWFsU3R1ZGlvLlRlc3RUb29scy5XZWJUZXN0aW5nLlJ1bGVzLlZhbGlkYXRpb25SdWxlRmluZFRleHQsIE1pY3Jvc29mdC5WaXN1YWxTdHVkaW8uUXVhbGl0eVRvb2xzLldlYlRlc3RGcmFtZXdvcmssIFZlcnNpb249MTAuMC4wLjAsIEN1bHR1cmU9bmV1dHJhbCwgUHVibGljS2V5VG9rZW49YjAzZjVmN2YxMWQ1MGEzYSIgRGlzcGxheU5hbWU9IkZpbmQgVGV4dCIgRGVzY3JpcHRpb249IlZlcmlmaWVzIHRoZSBleGlzdGVuY2Ugb2YgdGhlIHNwZWNpZmllZCB0ZXh0IGluIHRoZSByZXNwb25zZS4iIExldmVsPSJIaWdoIiBFeGVjdHVpb25PcmRlcj0iQmVmb3JlRGVwZW5kZW50cyI+DQogICAgICAgICAgPFJ1bGVQYXJhbWV0ZXJzPg0KICAgICAgICAgICAgPFJ1bGVQYXJhbWV0ZXIgTmFtZT0iRmluZFRleHQiIFZhbHVlPSJzZWFyY2hfcXVlcnk9QmxvdXNlJmFtcDthbXA7cmVzdWx0cz0xJnF1b3Q7IHRpdGxlPSZxdW90O0Jsb3VzZSZxdW90OyBpdGVtcHJvcD0mcXVvdDt1cmwmcXVvdDsgJmd0O1xzK0Jsb3VzZVxzKyZsdDsvYSZndDtccysmbHQ7L2g1Jmd0O1xzKyZsdDtwIGNsYXNzPSZxdW90O3Byb2R1Y3QtZGVzYyZxdW90OyBpdGVtcHJvcD0mcXVvdDtkZXNjcmlwdGlvbiZxdW90OyZndDtccytTaG9ydCBzbGVldmVkIGJsb3VzZSB3aXRoIGZlbWluaW5lIGRyYXBlZCBzbGVldmUgZGV0YWlsLlxzKyZsdDsvcCZndDtccysmbHQ7ZGl2IGl0ZW1wcm9wPSZxdW90O29mZmVycyZxdW90OyBpdGVtc2NvcGUgaXRlbXR5cGU9JnF1b3Q7aHR0cDovL3NjaGVtYS5vcmcvT2ZmZXImcXVvdDsgY2xhc3M9JnF1b3Q7Y29udGVudF9wcmljZSZxdW90OyZndDtccysmbHQ7c3BhbiBpdGVtcHJvcD0mcXVvdDtwcmljZSZxdW90OyBjbGFzcz0mcXVvdDtwcmljZSBwcm9kdWN0LXByaWNlJnF1b3Q7Jmd0O1xzK1wkMjcuMDBccysmbHQ7L3NwYW4mZ3Q7IiAvPg0KICAgICAgICAgICAgPFJ1bGVQYXJhbWV0ZXIgTmFtZT0iSWdub3JlQ2FzZSIgVmFsdWU9IkZhbHNlIiAvPg0KICAgICAgICAgICAgPFJ1bGVQYXJhbWV0ZXIgTmFtZT0iVXNlUmVndWxhckV4cHJlc3Npb24iIFZhbHVlPSJUcnVlIiAvPg0KICAgICAgICAgICAgPFJ1bGVQYXJhbWV0ZXIgTmFtZT0iUGFzc0lmVGV4dEZvdW5kIiBWYWx1ZT0iVHJ1ZSIgLz4NCiAgICAgICAgICA8L1J1bGVQYXJhbWV0ZXJzPg0KICAgICAgICA8L1ZhbGlkYXRpb25SdWxlPg0KICAgICAgPC9WYWxpZGF0aW9uUnVsZXM+DQogICAgICA8UXVlcnlTdHJpbmdQYXJhbWV0ZXJzPg0KICAgICAgICA8UXVlcnlTdHJpbmdQYXJhbWV0ZXIgTmFtZT0iY29udHJvbGxlciIgVmFsdWU9InNlYXJjaCIgUmVjb3JkZWRWYWx1ZT0ic2VhcmNoIiBDb3JyZWxhdGlvbkJpbmRpbmc9IiIgVXJsRW5jb2RlPSJGYWxzZSIgVXNlVG9Hcm91cFJlc3VsdHM9IkZhbHNlIiAvPg0KICAgICAgICA8UXVlcnlTdHJpbmdQYXJhbWV0ZXIgTmFtZT0ib3JkZXJieSIgVmFsdWU9InBvc2l0aW9uIiBSZWNvcmRlZFZhbHVlPSJwb3NpdGlvbiIgQ29ycmVsYXRpb25CaW5kaW5nPSIiIFVybEVuY29kZT0iRmFsc2UiIFVzZVRvR3JvdXBSZXN1bHRzPSJGYWxzZSIgLz4NCiAgICAgICAgPFF1ZXJ5U3RyaW5nUGFyYW1ldGVyIE5hbWU9Im9yZGVyd2F5IiBWYWx1ZT0iZGVzYyIgUmVjb3JkZWRWYWx1ZT0iZGVzYyIgQ29ycmVsYXRpb25CaW5kaW5nPSIiIFVybEVuY29kZT0iRmFsc2UiIFVzZVRvR3JvdXBSZXN1bHRzPSJGYWxzZSIgLz4NCiAgICAgICAgPFF1ZXJ5U3RyaW5nUGFyYW1ldGVyIE5hbWU9InNlYXJjaF9xdWVyeSIgVmFsdWU9Int7TXlTdG9yZS5NeVN0b3JlI2Nzdi5TZWFyY2ggSXRlbX19IiBSZWNvcmRlZFZhbHVlPSJCbG91c2UiIENvcnJlbGF0aW9uQmluZGluZz0iIiBVcmxFbmNvZGU9IkZhbHNlIiBVc2VUb0dyb3VwUmVzdWx0cz0iRmFsc2UiIC8+DQogICAgICAgIDxRdWVyeVN0cmluZ1BhcmFtZXRlciBOYW1lPSJzdWJtaXRfc2VhcmNoIiBWYWx1ZT0iIiBSZWNvcmRlZFZhbHVlPSIiIENvcnJlbGF0aW9uQmluZGluZz0iIiBVcmxFbmNvZGU9IkZhbHNlIiBVc2VUb0dyb3VwUmVzdWx0cz0iRmFsc2UiIC8+DQogICAgICA8L1F1ZXJ5U3RyaW5nUGFyYW1ldGVycz4NCiAgICA8L1JlcXVlc3Q+DQogIDwvSXRlbXM+DQogIDxEYXRhU291cmNlcz4NCiAgICA8RGF0YVNvdXJjZSBOYW1lPSJNeVN0b3JlIiBQcm92aWRlcj0iTWljcm9zb2Z0LlZpc3VhbFN0dWRpby5UZXN0VG9vbHMuRGF0YVNvdXJjZS5DU1YiIENvbm5lY3Rpb249InxEYXRhRGlyZWN0b3J5fFxNeVN0b3JlLmNzdiI+DQogICAgICA8VGFibGVzPg0KICAgICAgICA8RGF0YVNvdXJjZVRhYmxlIE5hbWU9Ik15U3RvcmUjY3N2IiBTZWxlY3RDb2x1bW5zPSJTZWxlY3RPbmx5Qm91bmRDb2x1bW5zIiBBY2Nlc3NNZXRob2Q9IlNlcXVlbnRpYWwiIC8+DQogICAgICA8L1RhYmxlcz4NCiAgICA8L0RhdGFTb3VyY2U+DQogIDwvRGF0YVNvdXJjZXM+DQogIDxWYWxpZGF0aW9uUnVsZXM+DQogICAgPFZhbGlkYXRpb25SdWxlIENsYXNzbmFtZT0iTWljcm9zb2Z0LlZpc3VhbFN0dWRpby5UZXN0VG9vbHMuV2ViVGVzdGluZy5SdWxlcy5WYWxpZGF0ZVJlc3BvbnNlVXJsLCBNaWNyb3NvZnQuVmlzdWFsU3R1ZGlvLlF1YWxpdHlUb29scy5XZWJUZXN0RnJhbWV3b3JrLCBWZXJzaW9uPTEwLjAuMC4wLCBDdWx0dXJlPW5ldXRyYWwsIFB1YmxpY0tleVRva2VuPWIwM2Y1ZjdmMTFkNTBhM2EiIERpc3BsYXlOYW1lPSJSZXNwb25zZSBVUkwiIERlc2NyaXB0aW9uPSJWYWxpZGF0ZXMgdGhhdCB0aGUgcmVzcG9uc2UgVVJMIGFmdGVyIHJlZGlyZWN0cyBhcmUgZm9sbG93ZWQgaXMgdGhlIHNhbWUgYXMgdGhlIHJlY29yZGVkIHJlc3BvbnNlIFVSTC4gIFF1ZXJ5U3RyaW5nIHBhcmFtZXRlcnMgYXJlIGlnbm9yZWQuIiBMZXZlbD0iTG93IiBFeGVjdHVpb25PcmRlcj0iQmVmb3JlRGVwZW5kZW50cyIgLz4NCiAgICA8VmFsaWRhdGlvblJ1bGUgQ2xhc3NuYW1lPSJNaWNyb3NvZnQuVmlzdWFsU3R1ZGlvLlRlc3RUb29scy5XZWJUZXN0aW5nLlJ1bGVzLlZhbGlkYXRpb25SdWxlUmVzcG9uc2VUaW1lR29hbCwgTWljcm9zb2Z0LlZpc3VhbFN0dWRpby5RdWFsaXR5VG9vbHMuV2ViVGVzdEZyYW1ld29yaywgVmVyc2lvbj0xMC4wLjAuMCwgQ3VsdHVyZT1uZXV0cmFsLCBQdWJsaWNLZXlUb2tlbj1iMDNmNWY3ZjExZDUwYTNhIiBEaXNwbGF5TmFtZT0iUmVzcG9uc2UgVGltZSBHb2FsIiBEZXNjcmlwdGlvbj0iVmFsaWRhdGVzIHRoYXQgdGhlIHJlc3BvbnNlIHRpbWUgZm9yIHRoZSByZXF1ZXN0IGlzIGxlc3MgdGhhbiBvciBlcXVhbCB0byB0aGUgcmVzcG9uc2UgdGltZSBnb2FsIGFzIHNwZWNpZmllZCBvbiB0aGUgcmVxdWVzdC4gIFJlc3BvbnNlIHRpbWUgZ29hbHMgb2YgemVybyB3aWxsIGJlIGlnbm9yZWQuIiBMZXZlbD0iTG93IiBFeGVjdHVpb25PcmRlcj0iQWZ0ZXJEZXBlbmRlbnRzIj4NCiAgICAgIDxSdWxlUGFyYW1ldGVycz4NCiAgICAgICAgPFJ1bGVQYXJhbWV0ZXIgTmFtZT0iVG9sZXJhbmNlIiBWYWx1ZT0iMCIgLz4NCiAgICAgIDwvUnVsZVBhcmFtZXRlcnM+DQogICAgPC9WYWxpZGF0aW9uUnVsZT4NCiAgPC9WYWxpZGF0aW9uUnVsZXM+DQogIDxXZWJUZXN0UGx1Z2lucz4NCiAgICA8V2ViVGVzdFBsdWdpbiBDbGFzc25hbWU9IldlYlRlc3QuV2ViU2VydmljZS5QbHVnaW4uUnVudGltZS5XZWJTZXJ2aWNlUGx1Z2luLCBXZWJUZXN0LldlYlNlcnZpY2UuUGx1Z2luLlJ1bnRpbWUsIFZlcnNpb249MS4wLjAuMCwgQ3VsdHVyZT1uZXV0cmFsLCBQdWJsaWNLZXlUb2tlbj03ZGY2MmU5MTJiNzEyYzQ4IiBEaXNwbGF5TmFtZT0iIiBEZXNjcmlwdGlvbj0iIiAvPg0KICA8L1dlYlRlc3RQbHVnaW5zPg0KPC9XZWJUZXN0Pg==">
      <Execution id="e2fd0bb8-166a-4ac8-a38a-e195bed872c6" />
    </WebTest>
  </TestDefinitions>
  <TestLists>
    <TestList name="Results Not in a List" id="8c84fa94-04c1-424b-9868-57a2d4851a1d" />
    <TestList name="All Loaded Results" id="19431567-8539-422a-85d7-44ee4e166bda" />
  </TestLists>
  <TestEntries>
    <TestEntry isTransparent="false" testId="e19e33f4-96e7-4a72-bf69-2a142bd64b4d" executionId="e2fd0bb8-166a-4ac8-a38a-e195bed872c6" testListId="8c84fa94-04c1-424b-9868-57a2d4851a1d" />
  </TestEntries>
  <Results>
    <WebTestResult executionId="e2fd0bb8-166a-4ac8-a38a-e195bed872c6" testId="e19e33f4-96e7-4a72-bf69-2a142bd64b4d" testName="MyStore" computerName="KEE-L0883" duration="00:00:16.0090697" startTime="2020-10-13T11:31:18.5860797+01:00" endTime="2020-10-13T11:31:45.7906358+01:00" testType="4e7599fa-5ecb-43e9-a887-cd63cf72d207" testListId="8c84fa94-04c1-424b-9868-57a2d4851a1d" relativeResultsDirectory="e2fd0bb8-166a-4ac8-a38a-e195bed872c6" dataRowCount="1">
      <Output>
        <ErrorInfo>
          <Message>Exception in PreWebTest event: Could not load file or assembly 'WebTest.WebService.Plugin.Runtime, Version=1.0.0.0, Culture=neutral, PublicKeyToken=7df62e912b712c48' or one of its dependencies. The system cannot find the file specified.</Message>
          <StackTrace>   at System.RuntimeTypeHandle.GetTypeByName(String name, Boolean throwOnError, Boolean ignoreCase, Boolean reflectionOnly, StackCrawlMarkHandle stackMark, IntPtr pPrivHostBinder, Boolean loadTypeFromPartialName, ObjectHandleOnStack type)
   at System.RuntimeTypeHandle.GetTypeByName(String name, Boolean throwOnError, Boolean ignoreCase, Boolean reflectionOnly, StackCrawlMark&amp; stackMark, IntPtr pPrivHostBinder, Boolean loadTypeFromPartialName)
   at System.Type.GetType(String typeName, Boolean throwOnError)
   at Microsoft.VisualStudio.TestTools.WebTesting.WebTestRuleBase.get_Type()
   at Microsoft.VisualStudio.TestTools.WebTesting.WebTestPluginReference.CreateInstance()
   at Microsoft.VisualStudio.TestTools.WebTesting.DeclarativeWebTest.OnPreWebTest(PreWebTestEventArgs e)
   at Microsoft.VisualStudio.TestTools.WebStress.WebTestCaseVariation.Start()</StackTrace>
        </ErrorInfo>
      </Output>
      <ResultFiles>
        <ResultFile path="MyStore.webtestResult" />
      </ResultFiles>
      <TestSettings name="Local" id="d25ea923-8997-4917-a9d7-bde8e30117ca">
        <Description>These are default test settings for a local test run.</Description>
        <Deployment runDeploymentRoot="Aaron.Masters_KEE-L0883 2020-10-13 11_31_16">
          <DeploymentItem filename="C:\Program Files (x86)\Microsoft Visual Studio 12.0\Common7\IDE\PublicAssemblies\WebTest.WebService.Plugin.Runtime.dll" />
        </Deployment>
        <Execution hostProcessPlatform="MSIL">
          <TestTypeSpecific>
            <WebTestRunConfiguration testTypeId="4e7599fa-5ecb-43e9-a887-cd63cf72d207">
              <Browser name="Internet Explorer 9.0" MaxConnections="6">
                <Headers>
                  <Header name="User-Agent" value="Mozilla/5.0 (compatible; MSIE 9.0; Windows NT 6.1; Trident/5.0)" />
                  <Header name="Accept" value="*/*" />
                  <Header name="Accept-Language" value="{{$IEAcceptLanguage}}" />
                  <Header name="Accept-Encoding" value="GZIP" />
                </Headers>
              </Browser>
            </WebTestRunConfiguration>
          </TestTypeSpecific>
          <AgentRule name="Execution Agents">
          </AgentRule>
        </Execution>
        <Properties>
          <Property name="TestSettingsUIType" value="LoadTest" />
        </Properties>
      </TestSettings>
      <WebTestResultFilePath>Aaron.Masters_KEE-L0883 2020-10-13 11_31_16\In\e2fd0bb8-166a-4ac8-a38a-e195bed872c6\MyStore.webtestResult</WebTestResultFilePath>
    </WebTestResult>
  </Results>
</TestRun>