<?xml version="1.0" encoding="UTF-8"?>
<!-- Generated by org.testng.reporters.JUnitReportReporter -->
<testsuite hostname="KEE-L0883" failures="0" tests="3" name="testCases.SearchMyStore" time="161.891" errors="0" timestamp="2020-11-06T15:26:39 GMT" skipped="0">
  <testcase classname="testCases.SearchMyStore" name="LogIntoMyStore" time="19.365"/>
  <system-out/>
  <testcase classname="testCases.SearchMyStore" name="performASearch" time="1.776"/>
  <system-out/>
  <testcase classname="testCases.SearchMyStore" name="performASearchUsingTheDB" time="140.750"/>
  <system-out/>
</testsuite> <!-- testCases.SearchMyStore -->
