<?xml version="1.0" encoding="UTF-8"?>
<!-- Generated by org.testng.reporters.JUnitReportReporter -->
<testsuite skipped="0" hostname="KEE-L0883" name="TestCases.SearchMyStore" tests="2" failures="0" timestamp="2020-10-19T10:21:13 BST" time="17.479" errors="0">
  <testcase name="LogIntoMyStore" time="15.280" classname="TestCases.SearchMyStore"/>
  <system-out/>
  <testcase name="performASearch" time="2.199" classname="TestCases.SearchMyStore"/>
  <system-out/>
</testsuite> <!-- TestCases.SearchMyStore -->
