<?xml version="1.0" encoding="UTF-8"?>
<!-- Generated by org.testng.reporters.JUnitReportReporter -->
<testsuite skipped="0" hostname="KEE-L0883" name="TestCases.SearchMyStore" tests="2" failures="0" timestamp="2020-10-12T16:55:29 BST" time="21.713" errors="0">
  <testcase name="LogIntoMyStore" time="20.236" classname="TestCases.SearchMyStore"/>
  <system-out/>
  <testcase name="performASearch" time="1.477" classname="TestCases.SearchMyStore"/>
  <system-out/>
</testsuite> <!-- TestCases.SearchMyStore -->
