<?xml version="1.0" encoding="UTF-8"?>
<!-- Generated by org.testng.reporters.JUnitReportReporter -->
<testsuite skipped="0" hostname="KEE-L0883" name="TestCases.SearchMyStore" tests="2" failures="0" timestamp="2020-10-12T14:28:12 BST" time="31.271" errors="0">
  <testcase name="LogIntoMyStore" time="31.270" classname="TestCases.SearchMyStore"/>
  <system-out/>
  <testcase name="performASearch" time="0.001" classname="TestCases.SearchMyStore"/>
  <system-out/>
</testsuite> <!-- TestCases.SearchMyStore -->
