<?xml version="1.0" encoding="UTF-8"?>
<!-- Generated by org.testng.reporters.JUnitReportReporter -->
<testsuite hostname="KEE-L0883" failures="0" tests="2" name="testCases.SearchMyStore" time="20.639" errors="0" timestamp="2020-11-02T11:55:48 GMT" skipped="0">
  <testcase classname="testCases.SearchMyStore" name="LogIntoMyStore" time="19.242"/>
  <system-out/>
  <testcase classname="testCases.SearchMyStore" name="performASearch" time="1.397"/>
  <system-out/>
</testsuite> <!-- testCases.SearchMyStore -->
