<?xml version="1.0" encoding="UTF-8"?>
<!-- Generated by org.testng.reporters.JUnitReportReporter -->
<testsuite hostname="KEE-L0883" failures="0" tests="3" name="testCases.SearchMyStore" time="179.379" errors="0" timestamp="2020-11-06T16:49:59 GMT" skipped="0">
  <testcase classname="testCases.SearchMyStore" name="LogIntoMyStore" time="15.963"/>
  <system-out/>
  <testcase classname="testCases.SearchMyStore" name="performASearch" time="1.250"/>
  <system-out/>
  <testcase classname="testCases.SearchMyStore" name="performASearchUsingTheDB" time="162.166"/>
  <system-out/>
</testsuite> <!-- testCases.SearchMyStore -->
